
Sat May 23 14:47:05 2020,Auth Error!! Login First to access Balance
Sat May 23 14:47:31 2020,Data Base is Requested to Load Data
Sat May 23 14:47:31 2020,Sucessfully Logged In Welcome Back user sachin
Sat May 23 14:47:41 2020,Data Base is Requested to Load Data
Sat May 23 14:48:35 2020,Auth Error!! Login First to access Balance
Sat May 23 14:48:37 2020,Data Base is Requested to Load Data
Sat May 23 14:48:37 2020,Sucessfully Logged In Welcome Back user sachin
Sat May 23 14:48:38 2020,Data Base is Requested to Load Data
Sat May 23 14:48:38 2020,Balance Enq.Name = sachinBalance = 50000
Sat May 23 14:48:48 2020,Auth Error!! Login First to access Balance
Sat May 23 14:49:10 2020,Data Base is Requested to Load Data
Sat May 23 14:49:10 2020,Sucessfully Logged In Welcome Back user tanvi
Sat May 23 14:49:16 2020,Data Base is Requested to Load Data
Sat May 23 14:49:16 2020,Balance Enq.Name = tanviBalance = 60000
Sat May 23 14:51:05 2020,Auth Error!! Login First to access Balance
Sat May 23 14:51:08 2020,Data Base is Requested to Load Data
Sat May 23 14:51:08 2020,Sucessfully Logged In Welcome Back user sachin
Sat May 23 14:51:11 2020,Data Base is Requested to Load Data
Sat May 23 14:51:11 2020,Balance Enq. Name = sachin Balance = 50000
Sat May 23 14:51:20 2020,Auth Error!! Login First to access Balance
Sat May 23 14:51:21 2020,Data Base is Requested to Load Data
Sat May 23 14:51:21 2020,Sucessfully Logged In Welcome Back user tanvi
Sat May 23 14:51:23 2020,Data Base is Requested to Load Data
Sat May 23 14:51:23 2020,Balance Enq. Name = tanvi Balance = 60000
Sat May 23 14:51:39 2020,Auth Error!! Login First to access Balance
Sat May 23 14:51:39 2020,Data Base is Requested to Load Data
Sat May 23 14:51:39 2020,Sucessfully Logged In Welcome Back user sachin
Sat May 23 14:51:39 2020,Data Base is Requested to Load Data
Sat May 23 14:51:39 2020,Balance Enq. Name = sachin Balance = 50000
Sat May 23 14:51:40 2020,Auth Error!! Login First to access Balance
Sat May 23 14:51:40 2020,Data Base is Requested to Load Data
Sat May 23 14:51:40 2020,Sucessfully Logged In Welcome Back user tanvi
Sat May 23 14:51:41 2020,Data Base is Requested to Load Data
Sat May 23 14:51:41 2020,Balance Enq. Name = tanvi Balance = 60000